<?xml version="1.0" encoding="UTF-8"?>
<!-- Generated by org.testng.reporters.JUnitXMLReporter -->
<testsuite ignored="0" hostname="Amreens-MacBook-Pro.local" failures="1" tests="1" name="Default test" time="18.695" errors="0" timestamp="2024-02-05T16:27:26 CST">
  <testcase classname="io.cucumber.testng.AbstractTestNGCucumberTests" name="runScenario" time="18.418">
    <failure type="java.lang.AssertionError" message="expected [New Account Created. You are logged in as Davidscott] but found [password_mismatch:The two password fields didn’t match.]">
      <![CDATA[java.lang.AssertionError: expected [New Account Created. You are logged in as Davidscott] but found [password_mismatch:The two password fields didn’t match.]
at org.testng.Assert.fail(Assert.java:99)
at org.testng.Assert.failNotEquals(Assert.java:1037)
at org.testng.Assert.assertEqualsImpl(Assert.java:140)
at org.testng.Assert.assertEquals(Assert.java:122)
at org.testng.Assert.assertEquals(Assert.java:629)
at org.testng.Assert.assertEquals(Assert.java:639)
at pages.RegisterPage.Alertmessage(RegisterPage.java:62)
at StepDefinition.Register_Functionality.user_should_get_registered_and_navigates_to_home_page(Register_Functionality.java:39)
at ✽.user should get registered and navigates to home page(file:///Users/amreennaziasyed/eclipse-workspace/DSALGO/Ds-algo/src/test/resources/Feature/Register.feature:10)
]]>
    </failure>
  </testcase> <!-- runScenario -->
</testsuite> <!-- Default test -->
